<?xml version="1.0" encoding="UTF-8"?>
<!-- Generated by org.testng.reporters.JUnitXMLReporter -->
<testsuite hostname="DESKTOP-6340PUF" ignored="1" name="com-luma-sw-5" tests="1" failures="0" timestamp="2023-05-09T20:09:41 BST" time="11.032" errors="0">
  <testcase name="verifyTheSortByProductNameFilter" time="3.543" classname="com.softwaretestingboard.magento.testsuit.WomenTest"/>
  <testcase name="verifyTheSortByPriceFilter" time="0.0" classname="com.softwaretestingboard.magento.testsuit.WomenTest">
    <ignored/>
  </testcase> <!-- verifyTheSortByPriceFilter -->
</testsuite> <!-- com-luma-sw-5 -->
