<?xml version="1.0" encoding="UTF-8"?>
<!-- Generated by org.testng.reporters.JUnitXMLReporter -->
<testsuite hostname="DESKTOP-6340PUF" ignored="0" name="Regression Test" tests="2" failures="2" timestamp="2023-05-09T17:23:05 BST" time="2.354" errors="0">
  <testcase name="userShouldAddProductSuccessFullyToShoppingCart" time="2.018" classname="com.softwaretestingboard.magento.testsuit.GearTest">
    <failure type="java.lang.IllegalArgumentException" message="Driver must be set">
      <![CDATA[java.lang.IllegalArgumentException: Driver must be set
at org.openqa.selenium.internal.Require.nonNull(Require.java:59)
at org.openqa.selenium.interactions.Actions.<init>(Actions.java:60)
at com.softwaretestingboard.magento.utilities.Utility.mouseHoverToElement(Utility.java:226)
at com.softwaretestingboard.magento.pages.GearPage.mouseHoverOnGear(GearPage.java:54)
at com.softwaretestingboard.magento.testsuit.GearTest.userShouldAddProductSuccessFullyToShoppingCart(GearTest.java:24)
at java.util.ArrayList.forEach(ArrayList.java:1249)
at com.intellij.rt.testng.IDEARemoteTestNG.run(IDEARemoteTestNG.java:66)
at com.intellij.rt.testng.RemoteTestNGStarter.main(RemoteTestNGStarter.java:109)
... Removed 24 stack frames]]>
    </failure>
  </testcase> <!-- userShouldAddProductSuccessFullyToShoppingCart -->
  <testcase name="userShouldAddProductSuccessFullyToShoppingCart" time="2.056" classname="com.softwaretestingboard.magento.testsuit.GearTest">
    <failure type="java.lang.NullPointerException">
      <![CDATA[java.lang.NullPointerException
at com.softwaretestingboard.magento.utilities.Utility.takeScreenShot(Utility.java:351)
at com.softwaretestingboard.magento.customelisteners.CustomListeners.onTestFailure(CustomListeners.java:35)
at java.util.ArrayList.forEach(ArrayList.java:1249)
at com.intellij.rt.testng.IDEARemoteTestNG.run(IDEARemoteTestNG.java:66)
at com.intellij.rt.testng.RemoteTestNGStarter.main(RemoteTestNGStarter.java:109)
... Removed 21 stack frames]]>
    </failure>
  </testcase> <!-- userShouldAddProductSuccessFullyToShoppingCart -->
</testsuite> <!-- Regression Test -->
